Array
(
    [title] => call chief guest
    [due_date] => 2025-02-28 22:02:00
    [status] => pending
    [reminder] => 1
)
Array
(
    [user_id] => 47
    [title] => gggg
    [due_date] => 2025-05-26 22:30:00
    [status] => Pending
    [reminder] => 0
)
Array
(
    [title] => call chief guest
    [due_date] => 2025-02-28 22:02:00
    [status] => pending
    [reminder] => 1
)
Array
(
    [user_id] => 47
    [title] => frienda
    [due_date] => 2025-05-29 19:43:00
    [status] => Pending
    [reminder] => 0
)
Array
(
    [user_id] => 47
    [title] => friwnds
    [due_date] => 2025-05-30 22:51:00
    [status] => Pending
    [reminder] => 0
)
Array
(
    [user_id] => 47
    [title] => bsbz
    [due_date] => 2025-05-30 23:19:00
    [status] => Pending
    [reminder] => 0
)
Array
(
    [user_id] => 47
    [title] => ggzi
    [due_date] => 2025-06-03 13:57:00
    [status] => Pending
    [reminder] => 0
)
